Using pre-set license
Built from '2020.3/staging' branch; Version is '2020.3.6f1 (338bb68529b2) revision 3378102'; Using compiler version '192528614'; Build Type 'Release'
OS: 'Windows 10 Pro; OS build 19045.2130; Version 2009; 64bit' Language: 'ko' Physical Memory: 32469 MB
BatchMode: 1, IsHumanControllingUs: 0, StartBugReporterOnCrash: 0, Is64bit: 1, IsPro: 0

 COMMAND LINE ARGUMENTS:
C:\Program Files\Unity\Hub\Editor\2020.3.6f1\Editor\Unity.exe
-adb2
-batchMode
-noUpm
-name
AssetImportWorker0
-projectPath
C:/Users/MSI/Desktop/유니티 폴더/Slime
-logFile
Logs/AssetImportWorker0.log
-srvPort
55165
Successfully changed project path to: C:/Users/MSI/Desktop/유니티 폴더/Slime
C:/Users/MSI/Desktop/유니티 폴더/Slime
Using Asset Import Pipeline V2.
Refreshing native plugins compatible for Editor in 38.45 ms, found 1 plugins.
Preloading 0 native plugins for Editor in 0.00 ms.
Initialize engine version: 2020.3.6f1 (338bb68529b2)
[Subsystems] Discovering subsystems at path C:/Program Files/Unity/Hub/Editor/2020.3.6f1/Editor/Data/Resources/UnitySubsystems
[Subsystems] Discovering subsystems at path C:/Users/MSI/Desktop/유니티 폴더/Slime/Assets
GfxDevice: creating device client; threaded=0
Direct3D:
    Version:  Direct3D 11.0 [level 11.1]
    Renderer: NVIDIA GeForce RTX 3050 Laptop GPU (ID=0x25a2)
    Vendor:   
    VRAM:     3993 MB
    Driver:   30.0.15.1165
Initialize mono
Mono path[0] = 'C:/Program Files/Unity/Hub/Editor/2020.3.6f1/Editor/Data/Managed'
Mono path[1] = 'C:/Program Files/Unity/Hub/Editor/2020.3.6f1/Editor/Data/MonoBleedingEdge/lib/mono/unityjit'
Mono config path = 'C:/Program Files/Unity/Hub/Editor/2020.3.6f1/Editor/Data/MonoBleedingEdge/etc'
Using monoOptions --debugger-agent=transport=dt_socket,embedding=1,server=y,suspend=n,address=127.0.0.1:56780
Begin MonoManager ReloadAssembly
Registering precompiled unity dll's ...
Register platform support module: C:/Program Files/Unity/Hub/Editor/2020.3.6f1/Editor/Data/PlaybackEngines/WindowsStandaloneSupport/UnityEditor.WindowsStandalone.Extensions.dll
Registered in 0.001322 seconds.
Native extension for WindowsStandalone target not found
Refreshing native plugins compatible for Editor in 38.18 ms, found 1 plugins.
Preloading 0 native plugins for Editor in 0.00 ms.
Mono: successfully reloaded assembly
- Completed reload, in  1.465 seconds
Platform modules already initialized, skipping
Registering precompiled user dll's ...
Registered in 0.000859 seconds.
Begin MonoManager ReloadAssembly
Native extension for WindowsStandalone target not found
Refreshing native plugins compatible for Editor in 37.63 ms, found 1 plugins.
Preloading 0 native plugins for Editor in 0.00 ms.
Mono: successfully reloaded assembly
- Completed reload, in  0.750 seconds
Platform modules already initialized, skipping
========================================================================
Worker process is ready to serve import requests
Launched and connected shader compiler UnityShaderCompiler.exe after 0.04 seconds
Refreshing native plugins compatible for Editor in 0.41 ms, found 1 plugins.
Preloading 0 native plugins for Editor in 0.00 ms.
Unloading 1812 Unused Serialized files (Serialized files now loaded: 0)
System memory in use before: 85.3 MB.
System memory in use after: 85.2 MB.

Unloading 23 unused Assets to reduce memory usage. Loaded Objects now: 2259.
Total: 1.905300 ms (FindLiveObjects: 0.273300 ms CreateObjectMapping: 0.057500 ms MarkObjects: 1.464800 ms  DeleteObjects: 0.108600 ms)

========================================================================
Received Import Request.
  path: Assets/Player/Player.controller
  artifactKey: Guid(b73fb047b938d694fbdc8ef358bca396) Importer(815301076,1909f56bfc062723c751e8b465ee728b)
Start importing Assets/Player/Player.controller using Guid(b73fb047b938d694fbdc8ef358bca396) Importer(815301076,1909f56bfc062723c751e8b465ee728b)  -> (artifact id: 'ca30c55ed50c9e63350cdabfa758bc28') in 0.031643 seconds
  Import took 0.034735 seconds .

========================================================================
Received Import Request.
  Time since last request: 3121.561606 seconds.
  path: Assets/Scenes/Script
  artifactKey: Guid(c4d6ee2e893092747a5f5d4d57d9f797) Importer(815301076,1909f56bfc062723c751e8b465ee728b)
Start importing Assets/Scenes/Script using Guid(c4d6ee2e893092747a5f5d4d57d9f797) Importer(815301076,1909f56bfc062723c751e8b465ee728b)  -> (artifact id: 'fdb6fb10383b249c2c579829569bc1ea') in 0.006680 seconds
  Import took 0.012533 seconds .

========================================================================
Received Import Request.
  Time since last request: 7.006499 seconds.
  path: Assets/Scenes/Script/Player.cs
  artifactKey: Guid(864ebcb883c64f54e928180044d10630) Importer(815301076,1909f56bfc062723c751e8b465ee728b)
Start importing Assets/Scenes/Script/Player.cs using Guid(864ebcb883c64f54e928180044d10630) Importer(815301076,1909f56bfc062723c751e8b465ee728b)  -> (artifact id: 'bc73d3ee95e7963c51b147cb95ad084c') in 0.011892 seconds
  Import took 0.015000 seconds .

========================================================================
Received Prepare
Registering precompiled user dll's ...
Registered in 0.001125 seconds.
Begin MonoManager ReloadAssembly
Native extension for WindowsStandalone target not found
Refreshing native plugins compatible for Editor in 0.59 ms, found 1 plugins.
Preloading 0 native plugins for Editor in 0.00 ms.
Mono: successfully reloaded assembly
- Completed reload, in  0.937 seconds
Platform modules already initialized, skipping
Refreshing native plugins compatible for Editor in 0.48 ms, found 1 plugins.
Preloading 0 native plugins for Editor in 0.00 ms.
Unloading 1808 Unused Serialized files (Serialized files now loaded: 0)
System memory in use before: 85.3 MB.
System memory in use after: 85.2 MB.

Unloading 12 unused Assets to reduce memory usage. Loaded Objects now: 2264.
Total: 2.203200 ms (FindLiveObjects: 0.173900 ms CreateObjectMapping: 0.040500 ms MarkObjects: 1.835400 ms  DeleteObjects: 0.152400 ms)

========================================================================
Received Prepare
Registering precompiled user dll's ...
Registered in 0.000964 seconds.
Begin MonoManager ReloadAssembly
Native extension for WindowsStandalone target not found
Refreshing native plugins compatible for Editor in 0.67 ms, found 1 plugins.
Preloading 0 native plugins for Editor in 0.00 ms.
Mono: successfully reloaded assembly
- Completed reload, in  0.852 seconds
Platform modules already initialized, skipping
Refreshing native plugins compatible for Editor in 0.55 ms, found 1 plugins.
Preloading 0 native plugins for Editor in 0.00 ms.
Unloading 1807 Unused Serialized files (Serialized files now loaded: 0)
System memory in use before: 85.3 MB.
System memory in use after: 85.3 MB.

Unloading 13 unused Assets to reduce memory usage. Loaded Objects now: 2267.
Total: 3.173500 ms (FindLiveObjects: 0.215900 ms CreateObjectMapping: 0.045900 ms MarkObjects: 2.735500 ms  DeleteObjects: 0.173500 ms)

========================================================================
Received Prepare
Registering precompiled user dll's ...
Registered in 0.001068 seconds.
Begin MonoManager ReloadAssembly
Native extension for WindowsStandalone target not found
Refreshing native plugins compatible for Editor in 0.69 ms, found 1 plugins.
Preloading 0 native plugins for Editor in 0.00 ms.
Mono: successfully reloaded assembly
- Completed reload, in  0.991 seconds
Platform modules already initialized, skipping
Refreshing native plugins compatible for Editor in 0.58 ms, found 1 plugins.
Preloading 0 native plugins for Editor in 0.00 ms.
Unloading 1807 Unused Serialized files (Serialized files now loaded: 0)
System memory in use before: 85.3 MB.
System memory in use after: 85.3 MB.

Unloading 12 unused Assets to reduce memory usage. Loaded Objects now: 2271.
Total: 2.387400 ms (FindLiveObjects: 0.474300 ms CreateObjectMapping: 0.085800 ms MarkObjects: 1.698900 ms  DeleteObjects: 0.126800 ms)

========================================================================
Received Import Request.
  Time since last request: 4859.633518 seconds.
  path: Assets/Scenes/Script/PlayerMove.cs
  artifactKey: Guid(f5b3104a16607c240af6f2a3b912983d) Importer(815301076,1909f56bfc062723c751e8b465ee728b)
Start importing Assets/Scenes/Script/PlayerMove.cs using Guid(f5b3104a16607c240af6f2a3b912983d) Importer(815301076,1909f56bfc062723c751e8b465ee728b)  -> (artifact id: '35f745b5791c61988ab690cc705f0a2b') in 0.074436 seconds
  Import took 0.145103 seconds .

========================================================================
Received Import Request.
  Time since last request: 2772.748479 seconds.
  path: Assets/Scenes/Script/PlayerMove.cs
  artifactKey: Guid(f5b3104a16607c240af6f2a3b912983d) Importer(815301076,1909f56bfc062723c751e8b465ee728b)
Start importing Assets/Scenes/Script/PlayerMove.cs using Guid(f5b3104a16607c240af6f2a3b912983d) Importer(815301076,1909f56bfc062723c751e8b465ee728b)  -> (artifact id: '27b7ad35c924d63b614dddaaa3bdec44') in 0.005417 seconds
  Import took 0.028609 seconds .

AssetImportWorkerClient::OnTransportError - code=2 error=End of file
